/bin/sh: Zeile 1: pamac-tray: Kommando nicht gefunden.
/bin/sh: Zeile 1: gnome-keyring-daemon: Kommando nicht gefunden.
/bin/sh: Zeile 1: /usr/lib/mate-polkit/polkit-mate-authentication-agent-1: Datei oder Verzeichnis nicht gefunden
/bin/sh: Zeile 1: redshift-gtk: Kommando nicht gefunden.
/bin/sh: Zeile 1: conky: Kommando nicht gefunden.
/bin/sh: Zeile 1: shutter: Kommando nicht gefunden.
/bin/sh: Zeile 1: emoji-keyboard: Kommando nicht gefunden.

(nitrogen:1572): Gtk-WARNING **: 17:43:14.657: Unable to locate theme engine in module_path: "adwaita",

(nitrogen:1572): Gtk-WARNING **: 17:43:14.678: Unable to locate theme engine in module_path: "murrine",

(nitrogen:1572): Gtk-WARNING **: 17:43:14.678: Unable to locate theme engine in module_path: "murrine",

(nitrogen:1572): Gtk-WARNING **: 17:43:14.680: Unable to locate theme engine in module_path: "murrine",

(nitrogen:1572): Gtk-WARNING **: 17:43:14.680: Unable to locate theme engine in module_path: "murrine",

(nitrogen:1572): Gtk-WARNING **: 17:43:14.680: Unable to locate theme engine in module_path: "murrine",
polybar|notice:  Parsing config file: /home/alex/.config/polybar/config.ini
polybar|notice:  Listening for IPC messages (PID: 1592)
polybar|notice:  Loading module 'i3' of type 'internal/i3'
polybar|error: Invalid value for "module/i3.label-visible-underline", using default value (reason: The reference ${module/i3.label-focused-underline} does not exist (no fallback set))
polybar|notice:  Loading module 'l-arrow0' of type 'custom/text'
polybar|notice:  Loading module 'xwindow' of type 'internal/xwindow'
polybar|notice:  Loading module 'l-arrow1' of type 'custom/text'
polybar|notice:  Loading module 'r-arrow8' of type 'custom/text'
polybar|notice:  Loading module 'updates' of type 'custom/script'
polybar|notice:  Loading module 'r-arrow7' of type 'custom/text'
polybar|notice:  Loading module 'wlan' of type 'internal/network'
polybar|error: Disabling module "wlan" (reason: No interface found for type 'wireless')
polybar|notice:  Loading module 'r-arrow6' of type 'custom/text'
polybar|notice:  Loading module 'eth' of type 'internal/network'
polybar|notice:  module/eth: Discovered wired interface ens160
polybar|notice:  Loading module 'r-arrow5' of type 'custom/text'
polybar|notice:  Loading module 'pulseaudio' of type 'internal/pulseaudio'
polybar|notice:  pulseaudio: using default sink 
polybar|notice:  Loading module 'r-arrow4' of type 'custom/text'
polybar|notice:  Loading module 'xkeyboard' of type 'internal/xkeyboard'
polybar|notice:  Loading module 'r-arrow3' of type 'custom/text'
polybar|notice:  Loading module 'memory' of type 'internal/memory'
polybar|notice:  Loading module 'r-arrow2' of type 'custom/text'
polybar|notice:  Loading module 'cpu' of type 'internal/cpu'
polybar|notice:  Loading module 'r-arrow1' of type 'custom/text'
polybar|notice:  Loading module 'date' of type 'internal/date'
polybar|notice:  Loading module 'r-arrow0' of type 'custom/text'
polybar|notice:  Loading module 'systray' of type 'internal/tray'
polybar|notice:  Loaded 21 modules
polybar|notice:  Loaded font "NotoSans Nerd Font:style=Regular:size=10" (name=NotoSans Nerd Font, offset=2, file=/usr/share/fonts/TTF/NotoSansNerdFont-Regular.ttf)
polybar|notice:  Loaded font "CaskaydiaMono Nerd Font:style=Regular:size=10" (name=CaskaydiaMono Nerd Font, offset=2, file=/usr/share/fonts/TTF/CaskaydiaMonoNerdFont-Regular.ttf)
polybar|warn:  background_manager: Failed to get root pixmap, default to black (is there a wallpaper?)
polybar|warn:  background_manager: Failed to get root pixmap, default to black (is there a wallpaper?)
polybar|warn:  background_manager: Failed to get root pixmap, default to black (is there a wallpaper?)
polybar|warn:  background_manager: Failed to get root pixmap, default to black (is there a wallpaper?)
Xlib: ignoring invalid extension event 161
Xlib: ignoring invalid extension event 161

(nitrogen:1572): Gtk-WARNING **: 17:43:19.479: Unable to locate theme engine in module_path: "adwaita",

(nitrogen:1572): Gtk-WARNING **: 17:43:19.481: Unable to locate theme engine in module_path: "murrine",

(nitrogen:1572): Gtk-WARNING **: 17:43:19.481: Unable to locate theme engine in module_path: "murrine",

(nitrogen:1572): Gtk-WARNING **: 17:43:19.482: Unable to locate theme engine in module_path: "murrine",

(nitrogen:1572): Gtk-WARNING **: 17:43:19.482: Unable to locate theme engine in module_path: "murrine",

(nitrogen:1572): Gtk-WARNING **: 17:43:19.482: Unable to locate theme engine in module_path: "murrine",

(nitrogen:1572): GLib-GObject-CRITICAL **: 17:43:19.484: Attempting to freeze the notification queue for object GtkSettings[0x633833f4f310]; Property notification does not work during instance finalization.

(nitrogen:1572): GLib-GObject-CRITICAL **: 17:43:19.484: Attempting to thaw the notification queue for object GtkSettings[0x633833f4f310]; Property notification does not work during instance finalization.
invalid color string: #bbc5ff 
Xlib: ignoring invalid extension event 161
Xlib: ignoring invalid extension event 161
polybar|notice:  pulseaudio: using default sink alsa_output.pci-0000_02_01.0.analog-stereo
polybar|notice:  pulseaudio: using default sink alsa_output.pci-0000_02_01.0.analog-stereo
Xlib: ignoring invalid extension event 161
Xlib: ignoring invalid extension event 161
Xlib: ignoring invalid extension event 161
Xlib: ignoring invalid extension event 161
Xlib: ignoring invalid extension event 161
Xlib: ignoring invalid extension event 161
Xlib: ignoring invalid extension event 161
Xlib: ignoring invalid extension event 161
Xlib: ignoring invalid extension event 161
Xlib: ignoring invalid extension event 161
Xlib: ignoring invalid extension event 161
Xlib: ignoring invalid extension event 161
Xlib: ignoring invalid extension event 161
Xlib: ignoring invalid extension event 161
Xlib: ignoring invalid extension event 161
Xlib: ignoring invalid extension event 161
Xlib: ignoring invalid extension event 161
Xlib: ignoring invalid extension event 161
Xlib: ignoring invalid extension event 161
Xlib: ignoring invalid extension event 161
Xlib: ignoring invalid extension event 161
Xlib: ignoring invalid extension event 161
Xlib: ignoring invalid extension event 161
Xlib: ignoring invalid extension event 161
Xlib: ignoring invalid extension event 161
Xlib: ignoring invalid extension event 161
Xlib: ignoring invalid extension event 161
Xlib: ignoring invalid extension event 161
Xlib: ignoring invalid extension event 161
Xlib: ignoring invalid extension event 161
Xlib: ignoring invalid extension event 161
Xlib: ignoring invalid extension event 161
Xlib: ignoring invalid extension event 146
Xlib: ignoring invalid extension event 146
Xlib: ignoring invalid extension event 146
Xlib: ignoring invalid extension event 146
polybar|error: tray: Failed to clear client(0x120000c, TelegramDesktop) (XCB_WINDOW (3))
polybar|error: tray: Failed to unembed window '' (0x120000c)
Xlib: ignoring invalid extension event 161
Xlib: ignoring invalid extension event 161
Xlib: ignoring invalid extension event 161
Xlib: ignoring invalid extension event 161
Xlib: ignoring invalid extension event 161
Xlib: ignoring invalid extension event 161
Xlib: ignoring invalid extension event 161
Xlib: ignoring invalid extension event 161
Xlib: ignoring invalid extension event 161
Xlib: ignoring invalid extension event 161
Xlib: ignoring invalid extension event 161
Xlib: ignoring invalid extension event 161
Xlib: ignoring invalid extension event 161
Xlib: ignoring invalid extension event 161
Xlib: ignoring invalid extension event 161
Xlib: ignoring invalid extension event 161
Xlib: ignoring invalid extension event 161
Xlib: ignoring invalid extension event 161

(nm-applet:1574): GLib-GIO-WARNING **: 17:43:45.626: unable to send notifications through org.freedesktop.Notifications: Zeitüberschreitung wurde erreicht
Xlib: ignoring invalid extension event 161
Xlib: ignoring invalid extension event 161
Xlib: ignoring invalid extension event 161
Xlib: ignoring invalid extension event 161
Xlib: ignoring invalid extension event 161
Xlib: ignoring invalid extension event 161
[ 19.01.2024 17:44:41.148 win_mark_client ERROR ] Failed to get client window attributes (No error)
[ 19.01.2024 17:44:41.148 x_new_id FATAL ERROR ] We seems to have run of XIDs. This is either a bug in the X server, or a resource leakage in the compositor. Please open an issue about this problem. The compositor will die.
polybar|error: module/i3: i3 --get-socketpath failed with exit code 1 and output ''
polybar|notice:  Stopping 'module/i3'...
polybar|error: X connection error, terminating... (what: Socket, pipe or stream error)
polybar|notice:  Termination signal received, shutting down...
