00:00:00.498901 VirtualBox GUI VM Selector Window 7.2.6 r172322 linux.amd64 (Jan 15 2026 14:44:00) release log
00:00:00.498904 Log opened 2026-01-30T14:32:32.542485000Z
00:00:00.498906 Build Type: release
00:00:00.498913 OS Product: Linux
00:00:00.498914 OS Release: 6.18.7-2-cachyos
00:00:00.498917 OS Version: #1 SMP PREEMPT_DYNAMIC Sat, 24 Jan 2026 21:21:21 +0000
00:00:00.498960 DMI Product Name: Aspire A515-45
00:00:00.498970 DMI Product Version: V1.55
00:00:00.498984 Firmware type: UEFI
00:00:00.499351 Secure Boot: Disabled
00:00:00.499432 Host RAM: 15329MB (14.9GB) total, 9764MB (9.5GB) available
00:00:00.499439 Executable: /opt/VirtualBox/VirtualBox
00:00:00.499440 Process ID: 32247
00:00:00.499443 Package type: LINUX_64BITS_GENERIC
00:00:00.499507 Qt version: 6.8.0
00:00:00.500253 GUI: UIMediumEnumerator: Initial medium-enumeration finished!
00:00:00.509934 GUI: UIMediumEnumerator: Medium-enumeration started...
00:00:00.509968 GUI: UIMediumEnumerator: Medium-enumeration finished!
00:00:01.067586 GUI: UIDesktopWidgetWatchdog::sltHandleHostScreenAvailableGeometryCalculated: Screen 0 work area is actually resized to: 1920x0 x 1920x1048
00:00:01.077344 GUI: UIDesktopWidgetWatchdog::sltHandleHostScreenAvailableGeometryCalculated: Screen 1 work area is actually resized to: 0x0 x 1920x1048
00:00:19.433566 GUI: UICommon: Handling aboutToQuit request..
00:00:20.464020 GUI: UICommon: aboutToQuit request handled!
